TN:
SF:src\application\services\content-moderation.service.ts
FN:8,ContentModerationService
FN:23,removeDiacritics
FN:27,escapeForRegex
FN:31,validateContentInterpretation
FN:37,collapseSingleLetterSequences
FN:39,collapseRepeatedChars
FN:73,logInappropriateContent
FNF:7
FNH:7
FNDA:148,ContentModerationService
FNDA:25443,removeDiacritics
FNDA:25308,escapeForRegex
FNDA:136,validateContentInterpretation
FNDA:270,collapseSingleLetterSequences
FNDA:270,collapseRepeatedChars
FNDA:3,logInappropriateContent
DA:1,1
DA:2,1
DA:3,1
DA:4,1
DA:5,1
DA:6,1
DA:7,1
DA:8,1
DA:9,148
DA:10,148
DA:11,25308
DA:12,25308
DA:13,148
DA:14,148
DA:15,148
DA:16,3700
DA:17,0
DA:18,148
DA:19,148
DA:20,148
DA:21,148
DA:22,1
DA:23,1
DA:24,25443
DA:25,25443
DA:26,1
DA:27,1
DA:28,25308
DA:29,25308
DA:30,1
DA:31,1
DA:32,136
DA:33,135
DA:34,135
DA:35,135
DA:36,135
DA:37,135
DA:38,135
DA:39,135
DA:40,135
DA:41,135
DA:42,135
DA:43,135
DA:44,135
DA:45,135
DA:46,135
DA:47,135
DA:48,135
DA:49,135
DA:50,136
DA:51,172
DA:52,18877
DA:53,112
DA:54,112
DA:55,100
DA:56,100
DA:57,18877
DA:58,72
DA:59,35
DA:60,35
DA:61,136
DA:62,110
DA:63,2621
DA:64,42
DA:65,42
DA:66,10
DA:67,10
DA:68,2621
DA:69,100
DA:70,25
DA:71,25
DA:72,1
DA:73,1
DA:74,3
DA:75,3
DA:76,3
DA:77,3
DA:78,1
LF:78
LH:77
BRDA:8,0,0,148
BRDA:10,1,0,0
BRDA:15,2,0,0
BRDA:20,3,0,0
BRDA:10,4,0,25308
BRDA:15,5,0,3700
BRDA:17,6,0,0
BRDA:23,7,0,25443
BRDA:27,8,0,25308
BRDA:31,9,0,136
BRDA:32,10,0,1
BRDA:33,11,0,135
BRDA:50,12,0,172
BRDA:51,13,0,18877
BRDA:52,14,0,112
BRDA:54,15,0,12
BRDA:54,16,0,12
BRDA:55,17,0,100
BRDA:58,18,0,72
BRDA:59,19,0,35
BRDA:61,20,0,110
BRDA:62,21,0,2621
BRDA:63,22,0,42
BRDA:65,23,0,33
BRDA:65,24,0,32
BRDA:66,25,0,10
BRDA:69,26,0,100
BRDA:70,27,0,25
BRDA:37,28,0,270
BRDA:38,29,0,7
BRDA:39,30,0,270
BRDA:53,31,0,1178
BRDA:53,32,0,1166
BRDA:53,33,0,1166
BRDA:53,34,0,1166
BRDA:64,35,0,266
BRDA:64,36,0,233
BRDA:64,37,0,233
BRDA:64,38,0,233
BRDA:73,39,0,3
BRDA:75,40,0,2
BRF:41
BRH:37
end_of_record
TN:
SF:src\application\services\dream-node.service.ts
FN:13,DreamNodeService
FN:16,saveDreamNode
FN:58,getUserNodes
FNF:3
FNH:2
FNDA:4,DreamNodeService
FNDA:4,saveDreamNode
FNDA:0,getUserNodes
DA:1,1
DA:2,1
DA:3,1
DA:4,1
DA:5,1
DA:6,1
DA:7,1
DA:8,1
DA:9,1
DA:10,1
DA:11,1
DA:12,1
DA:13,1
DA:14,4
DA:15,4
DA:16,1
DA:17,4
DA:18,4
DA:19,4
DA:20,4
DA:21,4
DA:22,4
DA:23,4
DA:24,4
DA:25,4
DA:26,4
DA:27,4
DA:28,4
DA:29,4
DA:30,4
DA:31,4
DA:32,4
DA:33,4
DA:34,4
DA:35,4
DA:36,4
DA:37,4
DA:38,4
DA:39,4
DA:40,4
DA:41,4
DA:42,4
DA:43,4
DA:44,4
DA:45,4
DA:46,3
DA:47,4
DA:48,0
DA:49,0
DA:50,3
DA:51,3
DA:52,3
DA:53,3
DA:54,3
DA:55,3
DA:56,3
DA:57,1
DA:58,1
DA:59,0
DA:60,0
DA:61,0
DA:62,0
DA:63,0
DA:64,0
DA:65,0
DA:66,0
DA:67,0
DA:68,0
DA:69,0
DA:70,0
DA:71,0
DA:72,0
DA:73,0
DA:74,0
DA:75,0
DA:76,0
DA:77,0
DA:78,0
DA:79,0
DA:80,0
DA:81,0
DA:82,0
DA:83,0
DA:84,0
DA:85,0
DA:86,0
DA:87,0
DA:88,0
DA:89,0
DA:90,0
DA:91,0
DA:92,0
DA:93,0
DA:94,0
DA:95,0
DA:96,0
DA:97,0
DA:98,0
DA:99,0
DA:100,1
LF:100
LH:57
BRDA:13,0,0,4
BRDA:16,1,0,4
BRDA:29,2,0,2
BRDA:29,3,0,2
BRDA:46,4,0,3
BRDA:47,5,0,0
BRDA:50,6,0,3
BRF:7
BRH:6
end_of_record
TN:
SF:src\application\services\interpretation-dream.service.ts
FN:6,InterpretationDreamService
FN:9,interpretDream
FN:19,reinterpretDream
FNF:3
FNH:3
FNDA:9,InterpretationDreamService
FNDA:3,interpretDream
FNDA:4,reinterpretDream
DA:1,1
DA:2,1
DA:3,1
DA:4,1
DA:5,1
DA:6,1
DA:7,9
DA:8,9
DA:9,1
DA:10,3
DA:11,3
DA:12,2
DA:13,2
DA:14,3
DA:15,1
DA:16,1
DA:17,3
DA:18,1
DA:19,1
DA:20,4
DA:21,4
DA:22,4
DA:23,4
DA:24,4
DA:25,4
DA:26,4
DA:27,4
DA:28,4
DA:29,4
DA:30,4
DA:31,1
DA:32,1
DA:33,1
DA:34,1
DA:35,4
DA:36,1
LF:36
LH:36
BRDA:6,0,0,9
BRDA:9,1,0,3
BRDA:12,2,0,2
BRDA:14,3,0,1
BRDA:19,4,0,4
BRDA:30,5,0,1
BRF:6
BRH:6
end_of_record
TN:
SF:src\application\services\room.service.impl.ts
FN:7,RoomServiceImpl
FN:9,getUserRooms
FN:25,getDefaultRooms
FNF:3
FNH:3
FNDA:8,RoomServiceImpl
FNDA:4,getUserRooms
FNDA:2,getDefaultRooms
DA:1,1
DA:2,1
DA:3,1
DA:4,1
DA:5,1
DA:6,1
DA:7,1
DA:8,1
DA:9,1
DA:10,4
DA:11,4
DA:12,1
DA:13,1
DA:14,1
DA:15,1
DA:16,3
DA:17,3
DA:18,3
DA:19,3
DA:20,3
DA:21,3
DA:22,3
DA:23,4
DA:24,1
DA:25,1
DA:26,2
DA:27,2
DA:28,1
LF:28
LH:28
BRDA:7,0,0,8
BRDA:9,1,0,4
BRDA:12,2,0,3
BRDA:12,3,0,1
BRDA:20,4,0,0
BRDA:25,5,0,2
BRF:6
BRH:5
end_of_record
TN:
SF:src\application\services\skin.service.impl.ts
FN:7,SkinServiceImpl
FN:9,getUserSkins
FN:25,getDefaultSkins
FNF:3
FNH:3
FNDA:8,SkinServiceImpl
FNDA:4,getUserSkins
FNDA:2,getDefaultSkins
DA:1,1
DA:2,1
DA:3,1
DA:4,1
DA:5,1
DA:6,1
DA:7,1
DA:8,1
DA:9,1
DA:10,4
DA:11,4
DA:12,1
DA:13,1
DA:14,1
DA:15,1
DA:16,3
DA:17,3
DA:18,3
DA:19,3
DA:20,3
DA:21,3
DA:22,3
DA:23,4
DA:24,1
DA:25,1
DA:26,2
DA:27,2
DA:28,1
LF:28
LH:28
BRDA:7,0,0,8
BRDA:9,1,0,4
BRDA:12,2,0,3
BRDA:12,3,0,1
BRDA:20,4,0,0
BRDA:25,5,0,2
BRF:6
BRH:5
end_of_record
TN:
SF:src\config\envs.ts
FNF:0
FNH:0
DA:1,1
DA:2,1
DA:3,1
DA:4,1
DA:5,1
DA:6,1
DA:7,1
DA:8,1
DA:9,1
DA:10,1
DA:11,1
DA:12,1
DA:13,1
DA:14,1
DA:15,1
DA:16,1
DA:17,1
LF:17
LH:17
BRDA:5,0,0,0
BRF:1
BRH:0
end_of_record
TN:
SF:src\config\mappings.ts
FNF:0
FNH:0
DA:1,1
DA:2,1
DA:3,1
DA:4,1
DA:5,1
DA:6,1
DA:7,1
DA:8,1
DA:9,1
DA:10,1
DA:11,1
DA:12,1
DA:13,1
DA:14,1
DA:15,1
DA:16,1
DA:17,1
LF:17
LH:17
BRF:0
BRH:0
end_of_record
TN:
SF:src\config\moderation-config.ts
FNF:0
FNH:0
DA:1,1
DA:2,1
DA:3,1
DA:4,1
DA:5,1
DA:6,1
DA:7,1
DA:8,1
DA:9,1
DA:10,1
DA:11,1
DA:12,0
DA:13,0
DA:14,1
DA:15,1
DA:16,1
DA:17,1
DA:18,0
DA:19,0
DA:20,1
DA:21,1
DA:22,1
DA:23,1
DA:24,1
DA:25,1
DA:26,1
DA:27,1
DA:28,1
DA:29,1
DA:30,1
DA:31,1
DA:32,1
DA:33,1
DA:34,1
DA:35,0
DA:36,0
DA:37,1
DA:38,1
DA:39,1
DA:40,1
DA:41,1
DA:42,1
DA:43,1
DA:44,1
LF:44
LH:38
BRDA:11,0,0,0
BRDA:17,1,0,0
BRDA:23,2,0,0
BRDA:27,3,0,0
BRDA:34,4,0,0
BRDA:40,5,0,0
BRDA:29,6,0,50
BRDA:42,7,0,22
BRF:8
BRH:2
end_of_record
TN:
SF:src\config\supabase.ts
FNF:0
FNH:0
DA:1,1
DA:2,1
DA:3,1
DA:4,1
DA:5,1
DA:6,1
DA:7,1
LF:7
LH:7
BRF:0
BRH:0
end_of_record
TN:
SF:src\infrastructure\controllers\dream-node.controller.ts
FN:9,DreamNodeController
FN:16,interpret
FN:63,save
FN:100,reinterpret
FN:130,getUserNodes
FN:168,showUser
FNF:6
FNH:5
FNDA:10,DreamNodeController
FNDA:7,interpret
FNDA:3,save
FNDA:11,reinterpret
FNDA:3,getUserNodes
FNDA:0,showUser
DA:1,1
DA:2,1
DA:3,1
DA:4,1
DA:5,1
DA:6,1
DA:7,1
DA:8,1
DA:9,1
DA:10,10
DA:11,10
DA:12,10
DA:13,10
DA:14,10
DA:15,1
DA:16,1
DA:17,7
DA:18,7
DA:19,7
DA:20,7
DA:21,7
DA:22,7
DA:23,7
DA:24,7
DA:25,7
DA:26,7
DA:27,6
DA:28,7
DA:29,0
DA:30,0
DA:31,0
DA:32,0
DA:33,0
DA:34,0
DA:35,0
DA:36,0
DA:37,0
DA:38,0
DA:39,0
DA:40,0
DA:41,0
DA:42,0
DA:43,0
DA:44,0
DA:45,0
DA:46,6
DA:47,6
DA:48,5
DA:49,5
DA:50,5
DA:51,5
DA:52,5
DA:53,5
DA:54,5
DA:55,7
DA:56,2
DA:57,2
DA:58,2
DA:59,2
DA:60,2
DA:61,7
DA:62,1
DA:63,1
DA:64,3
DA:65,3
DA:66,3
DA:67,3
DA:68,3
DA:69,3
DA:70,3
DA:71,3
DA:72,3
DA:73,3
DA:74,3
DA:75,3
DA:76,3
DA:77,0
DA:78,0
DA:79,0
DA:80,0
DA:81,0
DA:82,3
DA:83,3
DA:84,3
DA:85,3
DA:86,3
DA:87,3
DA:88,2
DA:89,2
DA:90,2
DA:91,3
DA:92,1
DA:93,1
DA:94,1
DA:95,1
DA:96,1
DA:97,1
DA:98,3
DA:99,1
DA:100,1
DA:101,11
DA:102,11
DA:103,11
DA:104,11
DA:105,11
DA:106,11
DA:107,11
DA:108,11
DA:109,11
DA:110,11
DA:111,11
DA:112,11
DA:113,7
DA:114,7
DA:115,7
DA:116,7
DA:117,7
DA:118,7
DA:119,7
DA:120,7
DA:121,7
DA:122,11
DA:123,4
DA:124,4
DA:125,4
DA:126,4
DA:127,4
DA:128,11
DA:129,1
DA:130,1
DA:131,3
DA:132,3
DA:133,3
DA:134,3
DA:135,3
DA:136,3
DA:137,3
DA:138,3
DA:139,3
DA:140,3
DA:141,3
DA:142,3
DA:143,3
DA:144,3
DA:145,3
DA:146,3
DA:147,3
DA:148,1
DA:149,1
DA:150,1
DA:151,3
DA:152,2
DA:153,2
DA:154,2
DA:155,2
DA:156,2
DA:157,1
DA:158,1
DA:159,1
DA:160,3
DA:161,1
DA:162,1
DA:163,1
DA:164,1
DA:165,1
DA:166,3
DA:167,1
DA:168,1
DA:169,0
DA:170,0
DA:171,0
DA:172,0
DA:173,0
DA:174,0
DA:175,0
DA:176,0
DA:177,0
DA:178,0
DA:179,1
LF:179
LH:147
BRDA:9,0,0,10
BRDA:16,1,0,7
BRDA:27,2,0,6
BRDA:28,3,0,0
BRDA:46,4,0,6
BRDA:48,5,0,5
BRDA:55,6,0,2
BRDA:63,7,0,3
BRDA:68,8,0,0
BRDA:76,9,0,0
BRDA:88,10,0,2
BRDA:91,11,0,1
BRDA:95,12,0,0
BRDA:100,13,0,11
BRDA:113,14,0,7
BRDA:122,15,0,4
BRDA:130,16,0,3
BRDA:134,17,0,1
BRDA:136,18,0,2
BRDA:137,19,0,2
BRDA:138,20,0,2
BRDA:139,21,0,2
BRDA:140,22,0,0
BRDA:141,23,0,0
BRDA:144,24,0,2
BRDA:145,25,0,2
BRDA:147,26,0,1
BRDA:151,27,0,2
BRDA:157,28,0,1
BRDA:160,29,0,1
BRF:30
BRH:24
end_of_record
TN:
SF:src\infrastructure\controllers\user.controller.ts
FN:18,UserController
FN:25,register
FN:37,login
FN:49,getUserSkins
FN:64,getUserRooms
FNF:5
FNH:3
FNDA:4,UserController
FNDA:0,register
FNDA:0,login
FNDA:2,getUserSkins
FNDA:2,getUserRooms
DA:1,1
DA:2,1
DA:3,1
DA:4,1
DA:5,1
DA:6,1
DA:7,1
DA:8,1
DA:9,1
DA:10,1
DA:11,1
DA:12,1
DA:13,1
DA:14,1
DA:15,1
DA:16,1
DA:17,1
DA:18,1
DA:19,4
DA:20,4
DA:21,4
DA:22,4
DA:23,4
DA:24,1
DA:25,1
DA:26,0
DA:27,0
DA:28,0
DA:29,0
DA:30,0
DA:31,0
DA:32,0
DA:33,0
DA:34,0
DA:35,0
DA:36,1
DA:37,1
DA:38,0
DA:39,0
DA:40,0
DA:41,0
DA:42,0
DA:43,0
DA:44,0
DA:45,0
DA:46,0
DA:47,0
DA:48,1
DA:49,1
DA:50,2
DA:51,2
DA:52,2
DA:53,2
DA:54,2
DA:55,0
DA:56,0
DA:57,0
DA:58,0
DA:59,0
DA:60,0
DA:61,0
DA:62,2
DA:63,1
DA:64,1
DA:65,2
DA:66,2
DA:67,2
DA:68,2
DA:69,2
DA:70,0
DA:71,0
DA:72,0
DA:73,0
DA:74,0
DA:75,0
DA:76,0
DA:77,2
DA:78,1
LF:78
LH:44
BRDA:18,0,0,4
BRDA:49,1,0,2
BRDA:54,2,0,0
BRDA:64,3,0,2
BRDA:69,4,0,0
BRF:5
BRH:3
end_of_record
TN:
SF:src\infrastructure\dtos\dream-node\get-user-nodes.dto.ts
FNF:0
FNH:0
DA:1,1
DA:2,1
DA:3,1
DA:4,1
DA:5,1
DA:6,1
DA:7,1
DA:8,1
DA:9,1
DA:10,1
DA:11,1
DA:12,1
DA:13,1
DA:14,1
DA:15,1
DA:16,1
DA:17,1
DA:18,1
DA:19,1
DA:20,1
DA:21,1
DA:22,1
DA:23,1
DA:24,1
DA:25,1
DA:26,1
DA:27,1
DA:28,1
DA:29,1
DA:30,1
DA:31,1
DA:32,1
DA:33,1
DA:34,1
DA:35,1
DA:36,1
DA:37,1
DA:38,1
DA:39,1
DA:40,1
DA:41,1
DA:42,1
LF:42
LH:42
BRF:0
BRH:0
end_of_record
TN:
SF:src\infrastructure\dtos\dream-node\index.ts
FN:1,get
FN:2,get
FN:3,get
FN:4,get
FNF:4
FNH:1
FNDA:0,get
FNDA:0,get
FNDA:0,get
FNDA:6,get
DA:1,1
DA:2,1
DA:3,1
DA:4,1
LF:4
LH:4
BRDA:4,0,0,6
BRF:1
BRH:1
end_of_record
TN:
SF:src\infrastructure\dtos\dream-node\interpret-dream.dto.ts
FNF:0
FNH:0
DA:1,1
DA:2,1
DA:3,1
DA:4,1
DA:5,1
DA:6,1
DA:7,1
DA:8,1
DA:9,1
LF:9
LH:9
BRF:0
BRH:0
end_of_record
TN:
SF:src\infrastructure\dtos\dream-node\reinterprete-dream.dto.ts
FNF:0
FNH:0
DA:1,1
DA:2,1
DA:3,1
DA:4,1
DA:5,1
DA:6,1
DA:7,1
DA:8,1
DA:9,1
DA:10,1
DA:11,1
DA:12,1
DA:13,1
DA:14,1
DA:15,1
LF:15
LH:15
BRF:0
BRH:0
end_of_record
TN:
SF:src\infrastructure\dtos\dream-node\save-dream-node.dto.ts
FNF:0
FNH:0
DA:1,1
DA:2,1
DA:3,1
DA:4,1
DA:5,1
DA:6,1
DA:7,1
DA:8,1
DA:9,1
DA:10,1
DA:11,1
DA:12,1
DA:13,1
DA:14,1
DA:15,1
DA:16,1
DA:17,1
DA:18,1
DA:19,1
DA:20,1
DA:21,1
DA:22,1
DA:23,1
DA:24,1
DA:25,1
DA:26,1
DA:27,1
DA:28,1
DA:29,1
DA:30,1
LF:30
LH:30
BRF:0
BRH:0
end_of_record
TN:
SF:src\infrastructure\middlewares\content-moderation.middleware.ts
FN:5,contentModerationMiddleware
FNF:1
FNH:1
FNDA:3,contentModerationMiddleware
DA:1,1
DA:2,1
DA:3,1
DA:4,1
DA:5,3
DA:6,3
DA:7,3
DA:8,3
DA:9,3
DA:10,3
DA:11,3
DA:12,1
DA:13,1
DA:14,1
DA:15,0
DA:16,0
DA:17,1
DA:18,1
DA:19,3
DA:20,2
DA:21,3
DA:22,1
DA:23,1
DA:24,1
DA:25,1
DA:26,1
DA:27,0
DA:28,0
DA:29,1
DA:30,1
DA:31,1
DA:32,1
DA:33,1
DA:34,3
DA:35,0
DA:36,0
DA:37,0
DA:38,3
DA:39,1
DA:40,1
LF:40
LH:33
BRDA:5,0,0,3
BRDA:7,1,0,0
BRDA:11,2,0,1
BRDA:13,3,0,0
BRDA:14,4,0,0
BRDA:17,5,0,0
BRDA:20,6,0,2
BRDA:21,7,0,1
BRDA:25,8,0,0
BRDA:26,9,0,0
BRDA:29,10,0,0
BRDA:34,11,0,0
BRF:12
BRH:4
end_of_record
TN:
SF:src\infrastructure\middlewares\validate-class.middleware.ts
FN:5,validateBody
FN:38,validateParams
FN:58,validateQuery
FNF:3
FNH:1
FNDA:1,validateBody
FNDA:0,validateParams
FNDA:0,validateQuery
DA:1,1
DA:2,1
DA:3,1
DA:4,1
DA:5,1
DA:6,1
DA:7,3
DA:8,0
DA:9,0
DA:10,0
DA:11,0
DA:12,0
DA:13,0
DA:14,0
DA:15,0
DA:16,0
DA:17,0
DA:18,0
DA:19,3
DA:20,3
DA:21,3
DA:22,3
DA:23,3
DA:24,2
DA:25,2
DA:26,2
DA:27,2
DA:28,2
DA:29,2
DA:30,2
DA:31,2
DA:32,1
DA:33,1
DA:34,1
DA:35,1
DA:36,1
DA:37,1
DA:38,0
DA:39,0
DA:40,0
DA:41,0
DA:42,0
DA:43,0
DA:44,0
DA:45,0
DA:46,0
DA:47,0
DA:48,0
DA:49,0
DA:50,0
DA:51,0
DA:52,0
DA:53,0
DA:54,0
DA:55,0
DA:56,0
DA:57,1
DA:58,0
DA:59,0
DA:60,0
DA:61,0
DA:62,0
DA:63,0
DA:64,0
DA:65,0
DA:66,0
DA:67,0
DA:68,0
DA:69,0
DA:70,0
DA:71,0
DA:72,0
DA:73,0
DA:74,0
DA:75,0
DA:76,0
LF:76
LH:27
BRDA:5,0,0,1
BRDA:6,1,0,3
BRDA:7,2,0,0
BRDA:23,3,0,2
BRDA:32,4,0,1
BRDA:26,5,0,2
BRDA:28,6,0,0
BRF:7
BRH:5
end_of_record
TN:
SF:src\infrastructure\providers\interpretation-openAI.provider.ts
FN:9,InterpretationOpenAIProvider
FN:15,sanitizeText
FN:22,limitSentences
FN:28,interpretDream
FN:122,buildContextSection
FN:172,reinterpretDream
FNF:6
FNH:6
FNDA:24,InterpretationOpenAIProvider
FNDA:24,sanitizeText
FNDA:12,limitSentences
FNDA:14,interpretDream
FNDA:23,buildContextSection
FNDA:9,reinterpretDream
DA:1,1
DA:2,1
DA:3,1
DA:4,1
DA:5,1
DA:6,1
DA:7,1
DA:8,1
DA:9,1
DA:10,24
DA:11,24
DA:12,24
DA:13,24
DA:14,1
DA:15,1
DA:16,24
DA:17,24
DA:18,24
DA:19,24
DA:20,24
DA:21,1
DA:22,1
DA:23,12
DA:24,12
DA:25,0
DA:26,0
DA:27,1
DA:28,1
DA:29,14
DA:30,14
DA:31,14
DA:32,14
DA:33,14
DA:34,14
DA:35,14
DA:36,14
DA:37,14
DA:38,14
DA:39,14
DA:40,14
DA:41,14
DA:42,14
DA:43,14
DA:44,14
DA:45,14
DA:46,14
DA:47,14
DA:48,14
DA:49,14
DA:50,14
DA:51,14
DA:52,14
DA:53,14
DA:54,14
DA:55,14
DA:56,14
DA:57,14
DA:58,14
DA:59,14
DA:60,14
DA:61,14
DA:62,14
DA:63,14
DA:64,14
DA:65,14
DA:66,14
DA:67,14
DA:68,14
DA:69,14
DA:70,14
DA:71,14
DA:72,14
DA:73,14
DA:74,14
DA:75,14
DA:76,14
DA:77,14
DA:78,14
DA:79,14
DA:80,14
DA:81,14
DA:82,14
DA:83,14
DA:84,14
DA:85,14
DA:86,14
DA:87,14
DA:88,12
DA:89,14
DA:90,14
DA:91,14
DA:92,14
DA:93,14
DA:94,14
DA:95,14
DA:96,14
DA:97,14
DA:98,14
DA:99,14
DA:100,14
DA:101,14
DA:102,14
DA:103,12
DA:104,12
DA:105,12
DA:106,12
DA:107,12
DA:108,12
DA:109,12
DA:110,14
DA:111,14
DA:112,14
DA:113,14
DA:114,14
DA:115,14
DA:116,14
DA:117,2
DA:118,2
DA:119,2
DA:120,14
DA:121,1
DA:122,1
DA:123,23
DA:124,0
DA:125,0
DA:126,0
DA:127,23
DA:128,0
DA:129,0
DA:130,0
DA:131,0
DA:132,0
DA:133,0
DA:134,0
DA:135,0
DA:136,0
DA:137,23
DA:138,0
DA:139,0
DA:140,0
DA:141,0
DA:142,0
DA:143,0
DA:144,0
DA:145,0
DA:146,0
DA:147,23
DA:148,0
DA:149,0
DA:150,0
DA:151,0
DA:152,0
DA:153,0
DA:154,0
DA:155,0
DA:156,0
DA:157,23
DA:158,0
DA:159,0
DA:160,0
DA:161,0
DA:162,0
DA:163,0
DA:164,0
DA:165,0
DA:166,0
DA:167,0
DA:168,0
DA:169,0
DA:170,0
DA:171,1
DA:172,1
DA:173,9
DA:174,9
DA:175,9
DA:176,9
DA:177,9
DA:178,9
DA:179,9
DA:180,9
DA:181,9
DA:182,9
DA:183,9
DA:184,9
DA:185,9
DA:186,9
DA:187,9
DA:188,9
DA:189,9
DA:190,9
DA:191,9
DA:192,9
DA:193,9
DA:194,9
DA:195,9
DA:196,9
DA:197,9
DA:198,9
DA:199,9
DA:200,9
DA:201,9
DA:202,9
DA:203,9
DA:204,9
DA:205,9
DA:206,9
DA:207,9
DA:208,9
DA:209,9
DA:210,9
DA:211,9
DA:212,9
DA:213,9
DA:214,9
DA:215,9
DA:216,9
DA:217,9
DA:218,9
DA:219,9
DA:220,9
DA:221,9
DA:222,9
DA:223,9
DA:224,9
DA:225,9
DA:226,9
DA:227,9
DA:228,9
DA:229,9
DA:230,7
DA:231,9
DA:232,9
DA:233,9
DA:234,9
DA:235,9
DA:236,9
DA:237,9
DA:238,9
DA:239,9
DA:240,9
DA:241,9
DA:242,9
DA:243,9
DA:244,9
DA:245,9
DA:246,9
DA:247,9
DA:248,9
DA:249,9
DA:250,9
DA:251,1
DA:252,1
DA:253,1
DA:254,1
DA:255,1
DA:256,1
DA:257,7
DA:258,7
DA:259,7
DA:260,7
DA:261,7
DA:262,7
DA:263,9
DA:264,0
DA:265,0
DA:266,9
DA:267,9
DA:268,0
DA:269,0
DA:270,9
DA:271,9
DA:272,0
DA:273,0
DA:274,9
DA:275,9
DA:276,0
DA:277,0
DA:278,9
DA:279,9
DA:280,9
DA:281,9
DA:282,2
DA:283,2
DA:284,2
DA:285,9
DA:286,1
LF:286
LH:233
BRDA:9,0,0,24
BRDA:15,1,0,24
BRDA:16,2,0,0
BRDA:22,3,0,12
BRDA:25,4,0,0
BRDA:28,5,0,14
BRDA:66,6,0,13
BRDA:66,7,0,12
BRDA:88,8,0,12
BRDA:89,9,0,11
BRDA:89,10,0,4
BRDA:95,11,0,4
BRDA:97,12,0,5
BRDA:100,13,0,5
BRDA:100,14,0,0
BRDA:102,15,0,0
BRDA:103,16,0,12
BRDA:111,17,0,12
BRDA:112,18,0,12
BRDA:113,19,0,12
BRDA:116,20,0,2
BRDA:118,21,0,1
BRDA:122,22,0,23
BRDA:124,23,0,0
BRDA:127,24,0,0
BRDA:127,25,0,0
BRDA:137,26,0,0
BRDA:137,27,0,0
BRDA:147,28,0,0
BRDA:147,29,0,0
BRDA:157,30,0,0
BRDA:157,31,0,0
BRDA:172,32,0,9
BRDA:208,33,0,8
BRDA:208,34,0,8
BRDA:230,35,0,7
BRDA:231,36,0,0
BRDA:242,37,0,0
BRDA:243,38,0,0
BRDA:244,39,0,0
BRDA:246,40,0,6
BRDA:247,41,0,6
BRDA:248,42,0,6
BRDA:249,43,0,6
BRDA:250,44,0,1
BRDA:255,45,0,0
BRDA:257,46,0,7
BRDA:263,47,0,0
BRDA:267,48,0,0
BRDA:271,49,0,0
BRDA:275,50,0,0
BRDA:281,51,0,2
BRDA:283,52,0,1
BRF:53
BRH:31
end_of_record
TN:
SF:src\infrastructure\repositories\dream-node.repository.supabase.ts
FN:11,save
FN:40,getUserNodes
FN:105,countUserNodes
FN:152,getUserDreamContext
FN:170,addDreamContext
FNF:5
FNH:1
FNDA:2,save
FNDA:0,getUserNodes
FNDA:0,countUserNodes
FNDA:0,getUserDreamContext
FNDA:0,addDreamContext
DA:1,1
DA:2,1
DA:3,1
DA:4,1
DA:5,1
DA:6,1
DA:7,1
DA:8,1
DA:9,1
DA:10,1
DA:11,1
DA:12,2
DA:13,2
DA:14,2
DA:15,2
DA:16,2
DA:17,2
DA:18,2
DA:19,2
DA:20,2
DA:21,2
DA:22,2
DA:23,2
DA:24,2
DA:25,2
DA:26,2
DA:27,2
DA:28,2
DA:29,2
DA:30,2
DA:31,2
DA:32,2
DA:33,1
DA:34,1
DA:35,1
DA:36,1
DA:37,1
DA:38,2
DA:39,1
DA:40,1
DA:41,0
DA:42,0
DA:43,0
DA:44,0
DA:45,0
DA:46,0
DA:47,0
DA:48,0
DA:49,0
DA:50,0
DA:51,0
DA:52,0
DA:53,0
DA:54,0
DA:55,0
DA:56,0
DA:57,0
DA:58,0
DA:59,0
DA:60,0
DA:61,0
DA:62,0
DA:63,0
DA:64,0
DA:65,0
DA:66,0
DA:67,0
DA:68,0
DA:69,0
DA:70,0
DA:71,0
DA:72,0
DA:73,0
DA:74,0
DA:75,0
DA:76,0
DA:77,0
DA:78,0
DA:79,0
DA:80,0
DA:81,0
DA:82,0
DA:83,0
DA:84,0
DA:85,0
DA:86,0
DA:87,0
DA:88,0
DA:89,0
DA:90,0
DA:91,0
DA:92,0
DA:93,0
DA:94,0
DA:95,0
DA:96,0
DA:97,0
DA:98,0
DA:99,0
DA:100,0
DA:101,0
DA:102,0
DA:103,0
DA:104,1
DA:105,1
DA:106,0
DA:107,0
DA:108,0
DA:109,0
DA:110,0
DA:111,0
DA:112,0
DA:113,0
DA:114,0
DA:115,0
DA:116,0
DA:117,0
DA:118,0
DA:119,0
DA:120,0
DA:121,0
DA:122,0
DA:123,0
DA:124,0
DA:125,0
DA:126,0
DA:127,0
DA:128,0
DA:129,0
DA:130,0
DA:131,0
DA:132,0
DA:133,0
DA:134,0
DA:135,0
DA:136,0
DA:137,0
DA:138,0
DA:139,0
DA:140,0
DA:141,0
DA:142,0
DA:143,0
DA:144,0
DA:145,0
DA:146,0
DA:147,0
DA:148,0
DA:149,0
DA:150,0
DA:151,1
DA:152,1
DA:153,0
DA:154,0
DA:155,0
DA:156,0
DA:157,0
DA:158,0
DA:159,0
DA:160,0
DA:161,0
DA:162,0
DA:163,0
DA:164,0
DA:165,0
DA:166,0
DA:167,0
DA:168,0
DA:169,1
DA:170,1
DA:171,0
DA:172,0
DA:173,0
DA:174,0
DA:175,0
DA:176,0
DA:177,0
DA:178,0
DA:179,0
DA:180,0
DA:181,0
DA:182,0
DA:183,0
DA:184,0
DA:185,0
DA:186,0
DA:187,0
DA:188,0
DA:189,0
DA:190,0
DA:191,0
DA:192,0
DA:193,0
DA:194,0
DA:195,0
DA:196,0
DA:197,0
DA:198,0
DA:199,0
DA:200,0
DA:201,0
DA:202,0
DA:203,0
DA:204,0
DA:205,0
DA:206,0
DA:207,0
DA:208,0
DA:209,0
DA:210,0
DA:211,0
DA:212,0
DA:213,0
DA:214,0
DA:215,0
DA:216,0
DA:217,0
DA:218,0
DA:219,0
DA:220,0
DA:221,0
DA:222,0
DA:223,0
DA:224,0
DA:225,0
DA:226,0
DA:227,0
DA:228,0
DA:229,0
DA:230,0
DA:231,0
DA:232,0
DA:233,0
DA:234,0
DA:235,0
DA:236,0
DA:237,0
DA:238,0
DA:239,0
DA:240,0
DA:241,0
DA:242,0
DA:243,0
DA:244,0
DA:245,0
DA:246,0
DA:247,0
DA:248,0
DA:249,0
DA:250,0
DA:251,0
DA:252,0
DA:253,0
DA:254,0
DA:255,0
DA:256,0
DA:257,0
DA:258,0
DA:259,0
DA:260,0
DA:261,0
DA:262,0
DA:263,0
DA:264,0
DA:265,0
DA:266,0
DA:267,0
DA:268,0
DA:269,0
DA:270,0
DA:271,0
DA:272,0
DA:273,0
DA:274,0
DA:275,0
DA:276,0
DA:277,0
DA:278,0
DA:279,0
DA:280,0
DA:281,0
DA:282,0
DA:283,0
DA:284,0
DA:285,0
DA:286,0
DA:287,0
DA:288,0
DA:289,0
DA:290,0
DA:291,0
DA:292,0
DA:293,0
DA:294,0
DA:295,0
DA:296,0
DA:297,0
DA:298,0
DA:299,0
DA:300,0
DA:301,0
DA:302,1
LF:302
LH:47
BRDA:11,0,0,2
BRDA:16,1,0,0
BRDA:32,2,0,1
BRF:3
BRH:2
end_of_record
TN:
SF:src\infrastructure\repositories\room.repository.supabase.ts
FN:5,getUserRooms
FN:17,getDefaultRooms
FNF:2
FNH:1
FNDA:2,getUserRooms
FNDA:0,getDefaultRooms
DA:1,1
DA:2,1
DA:3,1
DA:4,1
DA:5,1
DA:6,2
DA:7,2
DA:8,2
DA:9,2
DA:10,2
DA:11,2
DA:12,2
DA:13,0
DA:14,0
DA:15,0
DA:16,1
DA:17,1
DA:18,0
DA:19,0
DA:20,0
DA:21,0
DA:22,0
DA:23,0
DA:24,0
DA:25,0
DA:26,0
DA:27,0
DA:28,1
LF:28
LH:15
BRDA:5,0,0,2
BRDA:13,1,0,0
BRF:2
BRH:1
end_of_record
TN:
SF:src\infrastructure\repositories\skin.repository.supabase.ts
FN:5,getUserSkins
FN:16,getDefaultSkins
FNF:2
FNH:1
FNDA:2,getUserSkins
FNDA:0,getDefaultSkins
DA:1,1
DA:2,1
DA:3,1
DA:4,1
DA:5,1
DA:6,2
DA:7,2
DA:8,2
DA:9,2
DA:10,2
DA:11,2
DA:12,0
DA:13,0
DA:14,0
DA:15,1
DA:16,1
DA:17,0
DA:18,0
DA:19,0
DA:20,0
DA:21,0
DA:22,0
DA:23,0
DA:24,0
DA:25,0
DA:26,1
LF:26
LH:14
BRDA:5,0,0,2
BRDA:12,1,0,0
BRF:2
BRH:1
end_of_record
TN:
SF:test\unit\mocks\dream-node.mock.ts
FNF:0
FNH:0
DA:1,1
DA:2,1
DA:3,1
DA:4,1
DA:5,1
DA:6,1
DA:7,1
DA:8,1
DA:9,1
DA:10,1
DA:11,1
DA:12,1
DA:13,1
DA:14,1
DA:15,1
DA:16,1
DA:17,1
DA:18,1
DA:19,1
DA:20,1
DA:21,1
DA:22,1
DA:23,1
LF:23
LH:23
BRF:0
BRH:0
end_of_record
TN:
SF:test\unit\mocks\user-mock.ts
FNF:0
FNH:0
DA:1,1
DA:2,1
DA:3,1
DA:4,1
DA:5,1
LF:5
LH:5
BRF:0
BRH:0
end_of_record
